This is XeTeX, Version 3.141592653-2.6-0.999997 (TeX Live 2025) (preloaded format=xelatex 2025.4.1)  1 APR 2025 14:11
entering extended mode
 restricted \write18 enabled.
 file:line:error style messages enabled.
 %&-line parsing enabled.
**main
(./main.tex
LaTeX2e <2024-11-01> patch level 2
L3 programming layer <2025-01-18>
(/usr/local/texlive/2025/texmf-dist/tex/latex/base/article.cls
Document Class: article 2024/06/29 v1.4n Standard LaTeX document class
(/usr/local/texlive/2025/texmf-dist/tex/latex/base/size10.clo
File: size10.clo 2024/06/29 v1.4n Standard LaTeX file (size option)
)
\c@part=\count192
\c@section=\count193
\c@subsection=\count194
\c@subsubsection=\count195
\c@paragraph=\count196
\c@subparagraph=\count197
\c@figure=\count198
\c@table=\count199
\abovecaptionskip=\skip49
\belowcaptionskip=\skip50
\bibindent=\dimen141
) (./iccv.sty (./eso-pic.sty
Package: eso-pic 2002/11/16 v1.1b eso-pic (RN)
 (./cvpr_eso.sty

LaTeX Warning: You have requested package `eso-pic',
               but the package provides `everyshi'.

Package: everyshi 2001/05/15 v3.00 EveryShipout Package (MS)
) (/usr/local/texlive/2025/texmf-dist/tex/latex/graphics/keyval.sty
Package: keyval 2022/05/29 v1.15 key=value parser (DPC)
\KV@toks@=\toks17
)) (/usr/local/texlive/2025/texmf-dist/tex/latex/tools/xspace.sty
Package: xspace 2014/10/28 v1.13 Space after command names (DPC,MH)
)
ICCV 8.5 x 11-Inch Proceedings Style `iccv.sty'.
\@ctmp=\skip51
\@figindent=\skip52
\iccvrulerbox=\box52
\iccvrulercount=\count266
\iccvruleroffset=\dimen142
\cv@lineheight=\dimen143
\cv@boxheight=\dimen144
\cv@tmpbox=\box53
\cv@refno=\count267
\cv@tot=\count268
\cv@tmpc@=\count269
\cv@tmpc=\count270
\iccvtmppos=\dimen145
) (/usr/local/texlive/2025/texmf-dist/tex/latex/psnfss/times.sty
Package: times 2020/03/25 PSNFSS-v9.3 (SPQR) 
) (/usr/local/texlive/2025/texmf-dist/tex/latex/graphics/epsfig.sty
Package: epsfig 2024/01/14 v1.7b (e)psfig emulation (SPQR)
 (/usr/local/texlive/2025/texmf-dist/tex/latex/graphics/graphicx.sty
Package: graphicx 2021/09/16 v1.2d Enhanced LaTeX Graphics (DPC,SPQR)
 (/usr/local/texlive/2025/texmf-dist/tex/latex/graphics/graphics.sty
Package: graphics 2024/08/06 v1.4g Standard LaTeX Graphics (DPC,SPQR)
 (/usr/local/texlive/2025/texmf-dist/tex/latex/graphics/trig.sty
Package: trig 2023/12/02 v1.11 sin cos tan (DPC)
) (/usr/local/texlive/2025/texmf-dist/tex/latex/graphics-cfg/graphics.cfg
File: graphics.cfg 2016/06/04 v1.11 sample graphics configuration
)
Package graphics Info: Driver file: xetex.def on input line 106.
 (/usr/local/texlive/2025/texmf-dist/tex/latex/graphics-def/xetex.def
File: xetex.def 2022/09/22 v5.0n Graphics/color driver for xetex
))
\Gin@req@height=\dimen146
\Gin@req@width=\dimen147
)
\epsfxsize=\dimen148
\epsfysize=\dimen149
) (/usr/local/texlive/2025/texmf-dist/tex/latex/amsmath/amsmath.sty
Package: amsmath 2024/11/05 v2.17t AMS math features
\@mathmargin=\skip53

For additional information on amsmath, use the `?' option.
(/usr/local/texlive/2025/texmf-dist/tex/latex/amsmath/amstext.sty
Package: amstext 2021/08/26 v2.01 AMS text
 (/usr/local/texlive/2025/texmf-dist/tex/latex/amsmath/amsgen.sty
File: amsgen.sty 1999/11/30 v2.0 generic functions
\@emptytoks=\toks18
\ex@=\dimen150
)) (/usr/local/texlive/2025/texmf-dist/tex/latex/amsmath/amsbsy.sty
Package: amsbsy 1999/11/29 v1.2d Bold Symbols
\pmbraise@=\dimen151
) (/usr/local/texlive/2025/texmf-dist/tex/latex/amsmath/amsopn.sty
Package: amsopn 2022/04/08 v2.04 operator names
)
\inf@bad=\count271
LaTeX Info: Redefining \frac on input line 233.
\uproot@=\count272
\leftroot@=\count273
LaTeX Info: Redefining \overline on input line 398.
LaTeX Info: Redefining \colon on input line 409.
\classnum@=\count274
\DOTSCASE@=\count275
LaTeX Info: Redefining \ldots on input line 495.
LaTeX Info: Redefining \dots on input line 498.
LaTeX Info: Redefining \cdots on input line 619.
\Mathstrutbox@=\box54
\strutbox@=\box55
LaTeX Info: Redefining \big on input line 721.
LaTeX Info: Redefining \Big on input line 722.
LaTeX Info: Redefining \bigg on input line 723.
LaTeX Info: Redefining \Bigg on input line 724.
\big@size=\dimen152
LaTeX Font Info:    Redeclaring font encoding OML on input line 742.
LaTeX Font Info:    Redeclaring font encoding OMS on input line 743.
\macc@depth=\count276
LaTeX Info: Redefining \bmod on input line 904.
LaTeX Info: Redefining \pmod on input line 909.
LaTeX Info: Redefining \smash on input line 939.
LaTeX Info: Redefining \relbar on input line 969.
LaTeX Info: Redefining \Relbar on input line 970.
\c@MaxMatrixCols=\count277
\dotsspace@=\muskip17
\c@parentequation=\count278
\dspbrk@lvl=\count279
\tag@help=\toks19
\row@=\count280
\column@=\count281
\maxfields@=\count282
\andhelp@=\toks20
\eqnshift@=\dimen153
\alignsep@=\dimen154
\tagshift@=\dimen155
\tagwidth@=\dimen156
\totwidth@=\dimen157
\lineht@=\dimen158
\@envbody=\toks21
\multlinegap=\skip54
\multlinetaggap=\skip55
\mathdisplay@stack=\toks22
LaTeX Info: Redefining \[ on input line 2953.
LaTeX Info: Redefining \] on input line 2954.
) (/usr/local/texlive/2025/texmf-dist/tex/latex/amsfonts/amssymb.sty
Package: amssymb 2013/01/14 v3.01 AMS font symbols
 (/usr/local/texlive/2025/texmf-dist/tex/latex/amsfonts/amsfonts.sty
Package: amsfonts 2013/01/14 v3.01 Basic AMSFonts support
\symAMSa=\mathgroup4
\symAMSb=\mathgroup5
LaTeX Font Info:    Redeclaring math symbol \hbar on input line 98.
LaTeX Font Info:    Overwriting math alphabet `\mathfrak' in version `bold'
(Font)                  U/euf/m/n --> U/euf/b/n on input line 106.
)) (/usr/local/texlive/2025/texmf-dist/tex/latex/algorithms/algorithm.sty
Invalid UTF-8 byte or sequence at line 11 replaced by U+FFFD.
Package: algorithm 2009/08/24 v0.1 Document Style `algorithm' - floating environment
 (/usr/local/texlive/2025/texmf-dist/tex/latex/float/float.sty
Package: float 2001/11/08 v1.3d Float enhancements (AL)
\c@float@type=\count283
\float@exts=\toks23
\float@box=\box56
\@float@everytoks=\toks24
\@floatcapt=\box57
) (/usr/local/texlive/2025/texmf-dist/tex/latex/base/ifthen.sty
Package: ifthen 2024/03/16 v1.1e Standard LaTeX ifthen package (DPC)
)
\@float@every@algorithm=\toks25
\c@algorithm=\count284
) (/usr/local/texlive/2025/texmf-dist/tex/latex/algorithms/algorithmic.sty
Invalid UTF-8 byte or sequence at line 11 replaced by U+FFFD.
Package: algorithmic 2009/08/24 v0.1 Document Style `algorithmic'
\c@ALC@unique=\count285
\c@ALC@line=\count286
\c@ALC@rem=\count287
\c@ALC@depth=\count288
\ALC@tlm=\skip56
\algorithmicindent=\skip57
) (/usr/local/texlive/2025/texmf-dist/tex/latex/bbm-macros/bbm.sty
Package: bbm 1999/03/15 V 1.2 provides fonts for set symbols - TH
LaTeX Font Info:    Overwriting math alphabet `\mathbbm' in version `bold'
(Font)                  U/bbm/m/n --> U/bbm/bx/n on input line 33.
LaTeX Font Info:    Overwriting math alphabet `\mathbbmss' in version `bold'
(Font)                  U/bbmss/m/n --> U/bbmss/bx/n on input line 35.
) (/usr/local/texlive/2025/texmf-dist/tex/latex/jknapltx/mathrsfs.sty
Package: mathrsfs 1996/01/01 Math RSFS package v1.0 (jk)
\symrsfs=\mathgroup6
) (/usr/local/texlive/2025/texmf-dist/tex/latex/multirow/multirow.sty
Package: multirow 2024/11/12 v2.9 Span multiple rows of a table
\multirow@colwidth=\skip58
\multirow@cntb=\count289
\multirow@dima=\skip59
\bigstrutjot=\dimen159
) (/usr/local/texlive/2025/texmf-dist/tex/latex/hyperref/hyperref.sty
Package: hyperref 2024-11-05 v7.01l Hypertext links for LaTeX
 (/usr/local/texlive/2025/texmf-dist/tex/generic/iftex/iftex.sty
Package: iftex 2024/12/12 v1.0g TeX engine tests
) (/usr/local/texlive/2025/texmf-dist/tex/latex/kvsetkeys/kvsetkeys.sty
Package: kvsetkeys 2022-10-05 v1.19 Key value parser (HO)
) (/usr/local/texlive/2025/texmf-dist/tex/generic/kvdefinekeys/kvdefinekeys.sty
Package: kvdefinekeys 2019-12-19 v1.6 Define keys (HO)
) (/usr/local/texlive/2025/texmf-dist/tex/generic/pdfescape/pdfescape.sty
Package: pdfescape 2019/12/09 v1.15 Implements pdfTeX's escape features (HO)
 (/usr/local/texlive/2025/texmf-dist/tex/generic/ltxcmds/ltxcmds.sty
Package: ltxcmds 2023-12-04 v1.26 LaTeX kernel commands for general use (HO)
) (/usr/local/texlive/2025/texmf-dist/tex/generic/pdftexcmds/pdftexcmds.sty
Package: pdftexcmds 2020-06-27 v0.33 Utility functions of pdfTeX for LuaTeX (HO)
 (/usr/local/texlive/2025/texmf-dist/tex/generic/infwarerr/infwarerr.sty
Package: infwarerr 2019/12/03 v1.5 Providing info/warning/error messages (HO)
)
Package pdftexcmds Info: \pdf@primitive is available.
Package pdftexcmds Info: \pdf@ifprimitive is available.
Package pdftexcmds Info: \pdfdraftmode not found.
)) (/usr/local/texlive/2025/texmf-dist/tex/latex/hycolor/hycolor.sty
Package: hycolor 2020-01-27 v1.10 Color options for hyperref/bookmark (HO)
) (/usr/local/texlive/2025/texmf-dist/tex/latex/hyperref/nameref.sty
Package: nameref 2023-11-26 v2.56 Cross-referencing by name of section
 (/usr/local/texlive/2025/texmf-dist/tex/latex/refcount/refcount.sty
Package: refcount 2019/12/15 v3.6 Data extraction from label references (HO)
) (/usr/local/texlive/2025/texmf-dist/tex/generic/gettitlestring/gettitlestring.sty
Package: gettitlestring 2019/12/15 v1.6 Cleanup title references (HO)
 (/usr/local/texlive/2025/texmf-dist/tex/latex/kvoptions/kvoptions.sty
Package: kvoptions 2022-06-15 v3.15 Key value format for package options (HO)
))
\c@section@level=\count290
) (/usr/local/texlive/2025/texmf-dist/tex/latex/etoolbox/etoolbox.sty
Package: etoolbox 2025/02/11 v2.5l e-TeX tools for LaTeX (JAW)
\etb@tempcnta=\count291
) (/usr/local/texlive/2025/texmf-dist/tex/generic/stringenc/stringenc.sty
Package: stringenc 2019/11/29 v1.12 Convert strings between diff. encodings (HO)
)
\@linkdim=\dimen160
\Hy@linkcounter=\count292
\Hy@pagecounter=\count293
 (/usr/local/texlive/2025/texmf-dist/tex/latex/hyperref/pd1enc.def
File: pd1enc.def 2024-11-05 v7.01l Hyperref: PDFDocEncoding definition (HO)
) (/usr/local/texlive/2025/texmf-dist/tex/generic/intcalc/intcalc.sty
Package: intcalc 2019/12/15 v1.3 Expandable calculations with integers (HO)
)
\Hy@SavedSpaceFactor=\count294
 (/usr/local/texlive/2025/texmf-dist/tex/latex/hyperref/puenc.def
File: puenc.def 2024-11-05 v7.01l Hyperref: PDF Unicode definition (HO)
)
Package hyperref Info: Option `breaklinks' set `true' on input line 4040.


Package hyperref Warning: Option `letterpaper' is no longer used.

Package hyperref Info: Option `colorlinks' set `true' on input line 4040.
Package hyperref Info: Option `bookmarks' set `false' on input line 4040.
Package hyperref Info: Hyper figures OFF on input line 4157.
Package hyperref Info: Link nesting OFF on input line 4162.
Package hyperref Info: Hyper index ON on input line 4165.
Package hyperref Info: Plain pages OFF on input line 4172.
Package hyperref Info: Backreferencing ON on input line 4175.
Package hyperref Info: Implicit mode ON; LaTeX internals redefined.
Package hyperref Info: Bookmarks OFF on input line 4430.
(/usr/local/texlive/2025/texmf-dist/tex/latex/hyperref/backref.sty
Package: backref 2023-11-26 v1.44 Bibliographical back referencing
 (/usr/local/texlive/2025/texmf-dist/tex/latex/rerunfilecheck/rerunfilecheck.sty
Package: rerunfilecheck 2022-07-10 v1.10 Rerun checks for auxiliary files (HO)
 (/usr/local/texlive/2025/texmf-dist/tex/latex/base/atveryend-ltx.sty
Package: atveryend-ltx 2020/08/19 v1.0a Emulation of the original atveryend package
with kernel methods
) (/usr/local/texlive/2025/texmf-dist/tex/generic/uniquecounter/uniquecounter.sty
Package: uniquecounter 2019/12/15 v1.4 Provide unlimited unique counter (HO)
 (/usr/local/texlive/2025/texmf-dist/tex/generic/bigintcalc/bigintcalc.sty
Package: bigintcalc 2019/12/15 v1.5 Expandable calculations on big integers (HO)
))
Package uniquecounter Info: New unique counter `rerunfilecheck' on input line 285.
))
\c@Hy@tempcnt=\count295
 (/usr/local/texlive/2025/texmf-dist/tex/latex/url/url.sty
\Urlmuskip=\muskip18
Package: url 2013/09/16  ver 3.4  Verb mode for urls, etc.
)
LaTeX Info: Redefining \url on input line 4763.
\XeTeXLinkMargin=\dimen161
 (/usr/local/texlive/2025/texmf-dist/tex/generic/bitset/bitset.sty
Package: bitset 2019/12/09 v1.3 Handle bit-vector datatype (HO)
)
\Fld@menulength=\count296
\Field@Width=\dimen162
\Fld@charsize=\dimen163
Package hyperref Info: Hyper figures OFF on input line 6042.
Package hyperref Info: Link nesting OFF on input line 6047.
Package hyperref Info: Hyper index ON on input line 6050.
Package hyperref Info: backreferencing ON on input line 6055.
Package hyperref Info: Link coloring ON on input line 6060.
Package hyperref Info: Link coloring with OCG OFF on input line 6067.
Package hyperref Info: PDF/A mode OFF on input line 6072.
 (/usr/local/texlive/2025/texmf-dist/tex/latex/base/atbegshi-ltx.sty
Package: atbegshi-ltx 2021/01/10 v1.0c Emulation of the original atbegshi
package with kernel methods
)
\Hy@abspage=\count297
\c@Item=\count298
\c@Hfootnote=\count299
)
Package hyperref Info: Driver (autodetected): hxetex.
 (/usr/local/texlive/2025/texmf-dist/tex/latex/hyperref/hxetex.def
File: hxetex.def 2024-11-05 v7.01l Hyperref driver for XeTeX
\pdfm@box=\box58
\c@Hy@AnnotLevel=\count300
\HyField@AnnotCount=\count301
\Fld@listcount=\count302
\c@bookmark@seq@number=\count303
\Hy@SectionHShift=\skip60
)
LaTeX Font Info:    Trying to load font information for TU+ptm on input line 31.
LaTeX Font Info:    No file TUptm.fd. on input line 31.


LaTeX Font Warning: Font shape `TU/ptm/m/n' undefined
(Font)              using `TU/lmr/m/n' instead on input line 31.

(/usr/local/texlive/2025/texmf-dist/tex/latex/l3backend/l3backend-xetex.def
File: l3backend-xetex.def 2024-05-08 L3 backend support: XeTeX
\g__graphics_track_int=\count304
\l__pdf_internal_box=\box59
\g__pdf_backend_annotation_int=\count305
\g__pdf_backend_link_int=\count306
) (./main.aux

LaTeX Warning: Label `con:df' multiply defined.


LaTeX Warning: Label `tab:different_nets' multiply defined.


LaTeX Warning: Label `tab:different_nets' multiply defined.


LaTeX Warning: Label `tab:different_nets' multiply defined.


LaTeX Warning: Label `tab:different_nets' multiply defined.

)
\openout1 = `main.aux'.

LaTeX Font Info:    Checking defaults for OML/cmm/m/it on input line 31.
LaTeX Font Info:    ... okay on input line 31.
LaTeX Font Info:    Checking defaults for OMS/cmsy/m/n on input line 31.
LaTeX Font Info:    ... okay on input line 31.
LaTeX Font Info:    Checking defaults for OT1/cmr/m/n on input line 31.
LaTeX Font Info:    ... okay on input line 31.
LaTeX Font Info:    Checking defaults for T1/cmr/m/n on input line 31.
LaTeX Font Info:    ... okay on input line 31.
LaTeX Font Info:    Checking defaults for TS1/cmr/m/n on input line 31.
LaTeX Font Info:    ... okay on input line 31.
LaTeX Font Info:    Checking defaults for TU/lmr/m/n on input line 31.
LaTeX Font Info:    ... okay on input line 31.
LaTeX Font Info:    Checking defaults for OMX/cmex/m/n on input line 31.
LaTeX Font Info:    ... okay on input line 31.
LaTeX Font Info:    Checking defaults for U/cmr/m/n on input line 31.
LaTeX Font Info:    ... okay on input line 31.
LaTeX Font Info:    Checking defaults for PD1/pdf/m/n on input line 31.
LaTeX Font Info:    ... okay on input line 31.
LaTeX Font Info:    Checking defaults for PU/pdf/m/n on input line 31.
LaTeX Font Info:    ... okay on input line 31.
 ABD: EveryShipout initializing macros (/usr/local/texlive/2025/texmf-dist/tex/latex/graphics/color.sty
Package: color 2024/06/23 v1.3e Standard LaTeX Color (DPC)
 (/usr/local/texlive/2025/texmf-dist/tex/latex/graphics-cfg/color.cfg
File: color.cfg 2016/01/02 v1.6 sample color configuration
)
Package color Info: Driver file: xetex.def on input line 149.
 (/usr/local/texlive/2025/texmf-dist/tex/latex/graphics/mathcolor.ltx))
Package hyperref Info: Link coloring ON on input line 31.


LaTeX Font Warning: Font shape `TU/ptm/b/n' undefined
(Font)              using `TU/ptm/m/n' instead on input line 49.

LaTeX Font Info:    Trying to load font information for U+msa on input line 49.
(/usr/local/texlive/2025/texmf-dist/tex/latex/amsfonts/umsa.fd
File: umsa.fd 2013/01/14 v3.01 AMS symbols A
)
LaTeX Font Info:    Trying to load font information for U+msb on input line 49.
 (/usr/local/texlive/2025/texmf-dist/tex/latex/amsfonts/umsb.fd
File: umsb.fd 2013/01/14 v3.01 AMS symbols B
)
LaTeX Font Info:    Trying to load font information for U+rsfs on input line 49.
 (/usr/local/texlive/2025/texmf-dist/tex/latex/jknapltx/ursfs.fd
File: ursfs.fd 1998/03/24 rsfs font definition file (jk)
)
LaTeX Font Info:    Trying to load font information for TU+pcr on input line 49.
LaTeX Font Info:    No file TUpcr.fd. on input line 49.


LaTeX Font Warning: Font shape `TU/pcr/m/n' undefined
(Font)              using `TU/lmr/m/n' instead on input line 49.


Overfull \hbox (59.92506pt too wide) in paragraph at lines 49--49
 [][] 
 []

(./1_Abstract.tex

LaTeX Font Warning: Font shape `TU/ptm/m/it' undefined
(Font)              using `TU/ptm/m/n' instead on input line 1.

) (./2_Introduction.tex


LaTeX Warning: Citation `raza2018appearance' on page 1 undefined on input line 11.


LaTeX Warning: Citation `prokudin2018deep' on page 1 undefined on input line 11.


LaTeX Warning: Citation `mahendran2018mixed' on page 1 undefined on input line 11.


LaTeX Warning: Citation `raza2018appearance' on page 1 undefined on input line 13.


LaTeX Warning: Citation `liu2019research' on page 1 undefined on input line 13.


LaTeX Warning: Citation `liu2019feature' on page 1 undefined on input line 13.


LaTeX Warning: Citation `liu2017adaptive' on page 1 undefined on input line 15.


LaTeX Warning: Citation `liu2018adaptive' on page 1 undefined on input line 15.


LaTeX Warning: Citation `liu2019hard' on page 1 undefined on input line 15.


LaTeX Warning: Citation `liu2018ordinal' on page 1 undefined on input line 15.


LaTeX Warning: Citation `liu2019unimodala' on page 1 undefined on input line 15.


LaTeX Warning: Citation `liu2019unimodalb' on page 1 undefined on input line 15.


LaTeX Warning: Citation `mahendran2018mixed' on page 1 undefined on input line 17.


LaTeX Warning: Citation `hara2017designing' on page 1 undefined on input line 17.

File: fig//figx.pdf Graphic file (type pdf)
<use fig//figx.pdf>

LaTeX Warning: Citation `rubner2000earth' on page 1 undefined on input line 30.


LaTeX Warning: Citation `ruschendorf1985wasserstein' on page 1 undefined on input line 30.



[1


]

LaTeX Warning: Citation `liu2019unimodala' on page 2 undefined on input line 37.


LaTeX Warning: Citation `liu2019unimodalb' on page 2 undefined on input line 37.


LaTeX Warning: Citation `prokudin2018deep' on page 2 undefined on input line 37.


LaTeX Warning: Citation `szegedy2016rethinking' on page 2 undefined on input line 40.


LaTeX Warning: Citation `belagiannis2015robust' on page 2 undefined on input line 40.


LaTeX Warning: Citation `szegedy2016rethinking' on page 2 undefined on input line 40.


LaTeX Warning: Citation `cuturi2013sinkhorn' on page 2 undefined on input line 42.



) (./3_RelatedWork.tex

LaTeX Warning: Citation `murphy2009head' on page 2 undefined on input line 2.


LaTeX Warning: Citation `murphy2009head' on page 2 undefined on input line 2.


LaTeX Warning: Citation `raza2018appearance' on page 2 undefined on input line 2.


LaTeX Warning: Citation `yang2018hierarchical' on page 2 undefined on input line 2.


LaTeX Warning: Citation `su2015render' on page 2 undefined on input line 2.


LaTeX Warning: Citation `rad2017bb8' on page 2 undefined on input line 4.


LaTeX Warning: Citation `grabner20183d' on page 2 undefined on input line 4.


LaTeX Warning: Citation `zhou2018starmap' on page 2 undefined on input line 4.


LaTeX Warning: Citation `pavlakos20176' on page 2 undefined on input line 4.


LaTeX Warning: Citation `wu2016single' on page 2 undefined on input line 4.


LaTeX Warning: Citation `massa2016crafting' on page 2 undefined on input line 4.


LaTeX Warning: Citation `rad2017bb8' on page 2 undefined on input line 4.


LaTeX Warning: Citation `grabner20183d' on page 2 undefined on input line 4.


LaTeX Warning: Citation `elhoseiny2016comparative' on page 2 undefined on input line 6.


LaTeX Warning: Citation `wang2016viewpoint' on page 2 undefined on input line 6.


LaTeX Warning: Citation `elhoseiny2016comparative' on page 2 undefined on input line 6.


LaTeX Warning: Citation `beyer2015biternion' on page 2 undefined on input line 6.


LaTeX Warning: Citation `prokudin2018deep' on page 2 undefined on input line 6.


LaTeX Warning: Citation `massa2016crafting' on page 2 undefined on input line 6.


LaTeX Warning: Citation `mahendran2018mixed' on page 2 undefined on input line 6.


LaTeX Warning: Citation `mahendran2018mixed' on page 2 undefined on input line 8.


LaTeX Warning: Citation `yang2018hierarchical' on page 2 undefined on input line 8.


LaTeX Warning: Citation `kolouri2016sliced' on page 2 undefined on input line 12.


LaTeX Warning: Citation `arjovsky2017wasserstein' on page 2 undefined on input line 12.


LaTeX Warning: Citation `frogner2015learning' on page 2 undefined on input line 12.


LaTeX Warning: Citation `cuturi2013sinkhorn' on page 2 undefined on input line 12.


LaTeX Warning: Citation `cha2002measuring' on page 2 undefined on input line 12.


LaTeX Warning: Citation `cha2002fast' on page 2 undefined on input line 12.


LaTeX Warning: Citation `su2017order' on page 2 undefined on input line 12.



[2]

LaTeX Warning: Citation `huber2011robust' on page 3 undefined on input line 20.


LaTeX Warning: Citation `szegedy2016rethinking' on page 3 undefined on input line 20.


LaTeX Warning: Citation `pereyra2017regularizing' on page 3 undefined on input line 20.


LaTeX Warning: Citation `szeto2017click' on page 3 undefined on input line 20.


LaTeX Warning: Citation `zou2019confidence' on page 3 undefined on input line 20.


LaTeX Warning: Citation `prokudin2018deep' on page 3 undefined on input line 24.


LaTeX Warning: Citation `che2019deep' on page 3 undefined on input line 24.


LaTeX Warning: Citation `han2019unsupervised' on page 3 undefined on input line 24.


LaTeX Warning: Citation `prokudin2018deep' on page 3 undefined on input line 24.


LaTeX Warning: Citation `beyer2015biternion' on page 3 undefined on input line 24.

) (./4_Approach.tex

LaTeX Warning: Citation `frogner2015learning' on page 3 undefined on input line 5.


Underfull \hbox (badness 2158) in paragraph at lines 5--6
[]\TU/ptm/b/n/10 Unfortunately, cross-entropy, information diver-
 []


LaTeX Font Warning: Command \small invalid in math mode on input line 7.




Underfull \hbox (badness 1087) in paragraph at lines 9--10
\TU/ptm/b/n/10 where W is the transportation matrix with W$[]$
 []


Underfull \hbox (badness 3646) in paragraph at lines 9--10
\TU/ptm/b/n/10 indicating the mass moved from the $\OML/cmm/m/it/10 i[]$ \TU/ptm/b/n/10 point
 []


Underfull \hbox (badness 5460) in paragraph at lines 9--10
\TU/ptm/b/n/10 in source distribution to the $\OML/cmm/m/it/10 j[]$ \TU/ptm/b/n/10 target posi-
 []


Underfull \hbox (badness 1005) in paragraph at lines 9--10
\TU/ptm/b/n/10 tion. A valid transportation matrix W satisfies:
 []


LaTeX Warning: Citation `rubner2000earth' on page 3 undefined on input line 24.

) (./4_Approach1.tex
File: fig//fig2.pdf Graphic file (type pdf)
<use fig//fig2.pdf>
File: fig//fig2_2.pdf Graphic file (type pdf)
<use fig//fig2_2.pdf>


[3]

LaTeX Warning: Citation `liu2018dependency' on page 4 undefined on input line 22.


LaTeX Warning: Citation `liu2019dependency' on page 4 undefined on input line 22.


LaTeX Warning: Citation `liu2019permutation' on page 4 undefined on input line 22.


LaTeX Warning: Citation `liu2018dependency' on page 4 undefined on input line 26.


LaTeX Warning: Citation `liu2019dependency' on page 4 undefined on input line 26.


LaTeX Warning: Citation `liu2019permutation' on page 4 undefined on input line 26.


LaTeX Warning: Citation `liu2018joint' on page 4 undefined on input line 29.



) (./4_Approach2.tex

LaTeX Warning: Citation `szegedy2016rethinking' on page 4 undefined on input line 5.


LaTeX Font Warning: Command \small invalid in math mode on input line 8.


LaTeX Font Warning: Command \small invalid in math mode on input line 8.


LaTeX Warning: Citation `su2015render' on page 4 undefined on input line 8.


LaTeX Font Warning: Command \small invalid in math mode on input line 8.


Package amsmath Warning: Foreign command \atopwithdelims;
(amsmath)                \frac or \genfrac should be used instead
(amsmath)                 on input line 18.



[4]
File: fig//fig3.pdf Graphic file (type pdf)
<use fig//fig3.pdf>


LaTeX Font Warning: Command \small invalid in math mode on input line 25.


LaTeX Font Warning: Command \small invalid in math mode on input line 25.


LaTeX Warning: Citation `szegedy2016rethinking' on page 5 undefined on input line 28.

) (./4_Approach3.tex
Underfull \hbox (badness 10000) in paragraph at lines 3--4

 []


LaTeX Warning: Citation `werman1986bipartite' on page 5 undefined on input line 16.


LaTeX Warning: Citation `cabrelli1995kantorovich' on page 5 undefined on input line 16.


LaTeX Warning: Citation `cabrelli1998linear' on page 5 undefined on input line 16.


LaTeX Font Warning: Command \scriptsize invalid in math mode on input line 16.


LaTeX Warning: Citation `pele2008linear' on page 5 undefined on input line 16.


LaTeX Warning: Citation `rabin2009statistical' on page 5 undefined on input line 16.


LaTeX Warning: Citation `villani2003topics' on page 5 undefined on input line 16.




LaTeX Warning: Citation `cha2002measuring' on page 5 undefined on input line 49.


LaTeX Font Warning: Command \small invalid in math mode on input line 55.


LaTeX Font Warning: Command \small invalid in math mode on input line 55.


LaTeX Warning: Citation `delon2010fast' on page 5 undefined on input line 56.


LaTeX Warning: Citation `cha2002measuring' on page 5 undefined on input line 56.


LaTeX Warning: Citation `villani2003topics' on page 5 undefined on input line 56.


LaTeX Font Warning: Command \small invalid in math mode on input line 56.



[5]

LaTeX Warning: Citation `villani2003topics' on page 6 undefined on input line 59.


LaTeX Warning: Citation `rizzo2016energy' on page 6 undefined on input line 61.


LaTeX Warning: Citation `villani2003topics' on page 6 undefined on input line 95.


LaTeX Warning: Citation `villani2003topics' on page 6 undefined on input line 95.


LaTeX Warning: Citation `orlin1993faster' on page 6 undefined on input line 95.


LaTeX Warning: Citation `burkard2009society' on page 6 undefined on input line 95.

LaTeX Font Info:    Trying to load font information for U+bbm on input line 98.
(/usr/local/texlive/2025/texmf-dist/tex/latex/bbm-macros/ubbm.fd
File: ubbm.fd 1999/03/15 V 1.2 Font definition for bbm font - TH
)

LaTeX Warning: Citation `villani2003topics' on page 6 undefined on input line 98.



) (./4_Approach4.tex) (./5_Experiments.tex

LaTeX Warning: Citation `beyer2015biternion' on page 6 undefined on input line 16.


LaTeX Warning: Citation `prokudin2018deep' on page 6 undefined on input line 20.


LaTeX Warning: Citation `cuturi2013sinkhorn' on page 6 undefined on input line 42.


LaTeX Warning: Citation `frogner2015learning' on page 6 undefined on input line 42.

) (./5_Experiments1.tex

LaTeX Warning: Citation `beyer2015biternion' on page 6 undefined on input line 2.


LaTeX Warning: Citation `prokudin2018deep' on page 6 undefined on input line 2.


LaTeX Warning: Citation `fisher2005caviar' on page 6 undefined on input line 2.


LaTeX Warning: Citation `beyer2015biternion' on page 6 undefined on input line 2.


LaTeX Warning: Citation `prokudin2018deep' on page 6 undefined on input line 2.


LaTeX Warning: Citation `simonyan2014very' on page 6 undefined on input line 5.


LaTeX Warning: Citation `beyer2015biternion' on page 6 undefined on input line 5.


LaTeX Warning: Citation `prokudin2018deep' on page 6 undefined on input line 5.



[6]

LaTeX Warning: Citation `cuturi2013sinkhorn' on page 7 undefined on input line 10.


LaTeX Warning: Citation `prokudin2018deep' on page 7 undefined on input line 10.

) (./5_Experiments2.tex
File: fig//fig4.pdf Graphic file (type pdf)
<use fig//fig4.pdf>

Overfull \hbox (1.86703pt too wide) in paragraph at lines 6--6
 [][] 
 []


LaTeX Warning: Citation `andriluka2010monocular' on page 7 undefined on input line 19.


LaTeX Warning: Citation `raza2018appearance' on page 7 undefined on input line 19.


LaTeX Warning: Citation `raza2018appearance' on page 7 undefined on input line 35.


Overfull \hbox (37.45782pt too wide) in paragraph at lines 30--54
 [][] 
 []


LaTeX Warning: Citation `hara2017growing' on page 7 undefined on input line 67.


LaTeX Warning: Citation `hara2017designing' on page 7 undefined on input line 68.


LaTeX Warning: Citation `hara2017designing' on page 7 undefined on input line 81.


Overfull \hbox (11.85083pt too wide) in paragraph at lines 64--84
 [][] 
 []




LaTeX Warning: Citation `hara2017growing' on page 7 undefined on input line 91.


LaTeX Warning: Citation `hara2017designing' on page 7 undefined on input line 91.


LaTeX Warning: Citation `hara2017designing' on page 7 undefined on input line 91.


LaTeX Warning: Citation `hara2017designing' on page 7 undefined on input line 91.


LaTeX Font Warning: Command \small invalid in math mode on input line 93.


LaTeX Warning: Citation `hara2017designing' on page 7 undefined on input line 93.


LaTeX Warning: Citation `ozuysal2009pose' on page 7 undefined on input line 103.


LaTeX Warning: Citation `hara2017designing' on page 7 undefined on input line 103.


LaTeX Warning: Citation `he2016deep' on page 7 undefined on input line 103.


Underfull \vbox (badness 10000) has occurred while \output is active []



[7]

LaTeX Warning: Citation `hara2017designing' on page 8 undefined on input line 106.


LaTeX Font Warning: Command \small invalid in math mode on input line 106.


LaTeX Warning: Citation `yang2018hierarchical' on page 8 undefined on input line 119.


LaTeX Warning: Citation `huang2017soft' on page 8 undefined on input line 120.


LaTeX Warning: Citation `hara2017designing' on page 8 undefined on input line 121.

File: fig//fig5.pdf Graphic file (type pdf)
<use fig//fig5.pdf>

LaTeX Warning: Citation `tulsiani2015viewpoints' on page 8 undefined on input line 160.


LaTeX Warning: Citation `su2015render' on page 8 undefined on input line 161.


LaTeX Warning: Citation `mousavian20173d' on page 8 undefined on input line 162.


LaTeX Warning: Citation `pavlakos20176' on page 8 undefined on input line 163.


LaTeX Warning: Citation `mahendran2018mixed' on page 8 undefined on input line 165.


LaTeX Warning: Citation `grabner20183d' on page 8 undefined on input line 166.


LaTeX Warning: Citation `zhou2018starmap' on page 8 undefined on input line 168.


LaTeX Warning: Citation `prokudin2018deep' on page 8 undefined on input line 169.


LaTeX Warning: Citation `zhou2018starmap' on page 8 undefined on input line 181.


LaTeX Warning: Citation `tulsiani2015viewpoints' on page 8 undefined on input line 196.


LaTeX Warning: Citation `su2015render' on page 8 undefined on input line 198.


LaTeX Warning: Citation `mousavian20173d' on page 8 undefined on input line 199.


LaTeX Warning: Citation `pavlakos20176' on page 8 undefined on input line 200.


LaTeX Warning: Citation `mahendran2018mixed' on page 8 undefined on input line 201.


LaTeX Warning: Citation `grabner20183d' on page 8 undefined on input line 202.


LaTeX Warning: Citation `zhou2018starmap' on page 8 undefined on input line 203.


LaTeX Warning: Citation `prokudin2018deep' on page 8 undefined on input line 203.


Overfull \hbox (1.33694pt too wide) in paragraph at lines 156--219
 [][] 
 []

) (./5_Experiments3.tex

LaTeX Warning: Citation `xiang2014beyond' on page 8 undefined on input line 9.


LaTeX Warning: Citation `deng2009imagenet' on page 8 undefined on input line 9.


LaTeX Warning: Citation `mahendran2018mixed' on page 8 undefined on input line 9.


LaTeX Warning: Citation `prokudin2018deep' on page 8 undefined on input line 9.


LaTeX Warning: Citation `grabner20183d' on page 8 undefined on input line 9.


Underfull \vbox (badness 2865) has occurred while \output is active []




LaTeX Warning: Citation `mahendran2018mixed' on page 8 undefined on input line 11.


LaTeX Font Warning: Command \small invalid in math mode on input line 14.


LaTeX Warning: Citation `mahendran2018mixed' on page 8 undefined on input line 14.


LaTeX Warning: Citation `zhou2018starmap' on page 8 undefined on input line 14.


Underfull \hbox (badness 1117) in paragraph at lines 16--17
\TU/ptm/m/it/10 shows the prediction probabilities are closely dis-
 []

) (./6_Conclusions.tex

[8]
Underfull \hbox (badness 1571) in paragraph at lines 7--9
\TU/ptm/m/it/10 dation of CIOMP, CAS (Y586320150) and Hong
 []

)
No file main.bbl.




[9

] (./main.aux)
 ***********
LaTeX2e <2024-11-01> patch level 2
L3 programming layer <2025-01-18>
 ***********


LaTeX Font Warning: Some font shapes were not available, defaults substituted.


LaTeX Warning: There were undefined references.


LaTeX Warning: There were multiply-defined labels.

 ) 
Here is how much of TeX's memory you used:
 10450 strings out of 473832
 161642 string characters out of 5729482
 606497 words of memory out of 5000000
 33299 multiletter control sequences out of 15000+600000
 570162 words of font info for 91 fonts, out of 8000000 for 9000
 1348 hyphenation exceptions out of 8191
 87i,16n,93p,1779b,382s stack positions out of 10000i,1000n,20000p,200000b,200000s

Output written on main.pdf (9 pages).
